2022-06-16 13:09:48,069 INFO org.springframework.boot.StartupInfoLogger [main] Starting MoHUmsApplication on CA-L2PHF7G3 with PID 116096 (C:\Users\valery.angelique\Documents\bcgov\moh-keycloak-user-management\backend\target\classes started by valery.angelique in C:\Users\valery.angelique\documents\bcgov\moh-keycloak-user-management\backend)
2022-06-16 13:09:48,074 INFO org.springframework.boot.SpringApplication [main] No active profile set, falling back to default profiles: default
2022-06-16 13:09:49,137 INFO com.ulisesbocchio.jasyptspringboot.configuration.EnableEncryptablePropertiesBeanFactoryPostProcessor [main] Post-processing PropertySource instances
2022-06-16 13:09:49,176 INFO com.ulisesbocchio.jasyptspringboot.EncryptablePropertySourceConverter [main] Converting PropertySource configurationProperties [org.springframework.boot.context.properties.source.ConfigurationPropertySourcesPropertySource] to AOP Proxy
2022-06-16 13:09:49,179 INFO com.ulisesbocchio.jasyptspringboot.EncryptablePropertySourceConverter [main] Converting PropertySource servletConfigInitParams [org.springframework.core.env.PropertySource$StubPropertySource] to EncryptablePropertySourceWrapper
2022-06-16 13:09:49,180 INFO com.ulisesbocchio.jasyptspringboot.EncryptablePropertySourceConverter [main] Converting PropertySource servletContextInitParams [org.springframework.core.env.PropertySource$StubPropertySource] to EncryptablePropertySourceWrapper
2022-06-16 13:09:49,181 INFO com.ulisesbocchio.jasyptspringboot.EncryptablePropertySourceConverter [main] Converting PropertySource systemProperties [org.springframework.core.env.PropertiesPropertySource] to EncryptableMapPropertySourceWrapper
2022-06-16 13:09:49,182 INFO com.ulisesbocchio.jasyptspringboot.EncryptablePropertySourceConverter [main] Converting PropertySource systemEnvironment [org.springframework.boot.env.SystemEnvironmentPropertySourceEnvironmentPostProcessor$OriginAwareSystemEnvironmentPropertySource] to EncryptableSystemEnvironmentPropertySourceWrapper
2022-06-16 13:09:49,183 INFO com.ulisesbocchio.jasyptspringboot.EncryptablePropertySourceConverter [main] Converting PropertySource random [org.springframework.boot.env.RandomValuePropertySource] to EncryptablePropertySourceWrapper
2022-06-16 13:09:49,184 INFO com.ulisesbocchio.jasyptspringboot.EncryptablePropertySourceConverter [main] Converting PropertySource applicationConfig: [classpath:/application.yaml] [org.springframework.boot.env.OriginTrackedMapPropertySource] to EncryptableMapPropertySourceWrapper
2022-06-16 13:09:49,242 INFO com.ulisesbocchio.jasyptspringboot.filter.DefaultLazyPropertyFilter [main] Property Filter custom Bean not found with name 'encryptablePropertyFilter'. Initializing Default Property Filter
2022-06-16 13:09:49,814 INFO org.springframework.boot.web.embedded.tomcat.TomcatWebServer [main] Tomcat initialized with port(s): 9090 (http)
2022-06-16 13:09:49,828 INFO org.apache.juli.logging.DirectJDKLog [main] Initializing ProtocolHandler ["http-nio-9090"]
2022-06-16 13:09:49,829 INFO org.apache.juli.logging.DirectJDKLog [main] Starting service [Tomcat]
2022-06-16 13:09:49,830 INFO org.apache.juli.logging.DirectJDKLog [main] Starting Servlet engine: [Apache Tomcat/9.0.38]
2022-06-16 13:09:50,037 INFO org.apache.juli.logging.DirectJDKLog [main] Initializing Spring embedded WebApplicationContext
2022-06-16 13:09:50,038 INFO org.springframework.boot.web.servlet.context.ServletWebServerApplicationContext [main] Root WebApplicationContext: initialization completed in 1905 ms
2022-06-16 13:09:50,109 INFO com.ulisesbocchio.jasyptspringboot.resolver.DefaultLazyPropertyResolver [main] Property Resolver custom Bean not found with name 'encryptablePropertyResolver'. Initializing Default Property Resolver
2022-06-16 13:09:50,112 INFO com.ulisesbocchio.jasyptspringboot.detector.DefaultLazyPropertyDetector [main] Property Detector custom Bean not found with name 'encryptablePropertyDetector'. Initializing Default Property Detector
2022-06-16 13:09:51,372 INFO org.springframework.security.web.DefaultSecurityFilterChain [main] Creating filter chain: any request, [org.springframework.security.web.context.request.async.WebAsyncManagerIntegrationFilter@5e98032e, org.springframework.security.web.context.SecurityContextPersistenceFilter@59f45950, org.springframework.security.web.header.HeaderWriterFilter@4ef5dd23, org.springframework.web.filter.CorsFilter@4fe8f2ae, org.springframework.security.web.csrf.CsrfFilter@d108406, org.springframework.security.web.authentication.logout.LogoutFilter@4ce267cc, org.springframework.security.oauth2.server.resource.web.BearerTokenAuthenticationFilter@3e151e1f, org.springframework.security.web.savedrequest.RequestCacheAwareFilter@58164e9a, org.springframework.security.web.servletapi.SecurityContextHolderAwareRequestFilter@f03ee8f, org.springframework.security.web.authentication.AnonymousAuthenticationFilter@591be8aa, org.springframework.security.web.session.SessionManagementFilter@16a6dc21, org.springframework.security.web.access.ExceptionTranslationFilter@62735b13, org.springframework.security.web.access.intercept.FilterSecurityInterceptor@28367da7]
2022-06-16 13:09:51,444 INFO org.springframework.scheduling.concurrent.ExecutorConfigurationSupport [main] Initializing ExecutorService 'applicationTaskExecutor'
2022-06-16 13:09:51,671 INFO org.apache.juli.logging.DirectJDKLog [main] Starting ProtocolHandler ["http-nio-9090"]
2022-06-16 13:09:51,785 INFO org.springframework.boot.web.embedded.tomcat.TomcatWebServer [main] Tomcat started on port(s): 9090 (http) with context path ''
2022-06-16 13:09:51,801 INFO org.springframework.boot.StartupInfoLogger [main] Started MoHUmsApplication in 4.336 seconds (JVM running for 4.9)
